<?xml version="1.0" encoding="UTF-8"?>
<testsuite xmlns:xsi="http://www.w3.org/2001/XMLSchema-instance" xsi:noNamespaceSchemaLocation="https://maven.apache.org/surefire/maven-surefire-plugin/xsd/surefire-test-report.xsd" version="3.0.2" name="com.spring.camelLearn.CamelLearnApplicationTests" time="1.817" tests="1" errors="0" skipped="0" failures="0">
  <properties>
[...]
</properties>
  <testcase name="contextLoads" classname="com.spring.camelLearn.CamelLearnApplicationTests" time="0.401">
    <system-out><![CDATA[17:17:56.000 [main] INFO org.springframework.test.context.support.AnnotationConfigContextLoaderUtils -- Could not detect default configuration classes for test class [com.spring.camelLearn.CamelLearnApplicationTests]: CamelLearnApplicationTests does not declare any static, non-private, non-final, nested classes annotated with @Configuration.
17:17:56.049 [main] INFO org.springframework.boot.test.context.SpringBootTestContextBootstrapper -- Found @SpringBootConfiguration com.spring.camelLearn.CamelLearnApplication for test class com.spring.camelLearn.CamelLearnApplicationTests
17:17:56.120 [main] INFO org.springframework.boot.devtools.restart.RestartApplicationListener -- Restart disabled due to context in which it is running

  .   ____          _            __ _ _
 /\\ / ___'_ __ _ _(_)_ __  __ _ \ \ \ \
( ( )\___ | '_ | '_| | '_ \/ _` | \ \ \ \
 \\/  ___)| |_)| | | | | || (_| |  ) ) ) )
  '  |____| .__|_| |_|_| |_\__, | / / / /
 =========|_|==============|___/=/_/_/_/

 :: Spring Boot ::                (v3.4.2)

2025-02-08T17:17:56.234+05:30  INFO 53166 --- [camelLearn] [           main] c.s.c.CamelLearnApplicationTests         : Starting CamelLearnApplicationTests using Java 23.0.2 with PID 53166 (started by manishkumarpandey in /Users/manishkumarpandey/Desktop/projects/camel/camelLearn)
2025-02-08T17:17:56.234+05:30  INFO 53166 --- [camelLearn] [           main] c.s.c.CamelLearnApplicationTests         : No active profile set, falling back to 1 default profile: "default"
2025-02-08T17:17:56.752+05:30  WARN 53166 --- [camelLearn] [           main] o.a.c.i.e.DefaultCamelBeanPostProcessor  : No CamelContext defined yet so cannot inject into bean: startupConditionStrategy
2025-02-08T17:17:57.139+05:30  INFO 53166 --- [camelLearn] [           main] o.s.b.a.e.web.EndpointLinksResolver      : Exposing 1 endpoint beneath base path '/actuator'
2025-02-08T17:17:57.280+05:30  INFO 53166 --- [camelLearn] [           main] o.a.c.impl.engine.AbstractCamelContext   : Apache Camel 4.9.0 (camel-1) is starting
2025-02-08T17:17:57.285+05:30  INFO 53166 --- [camelLearn] [           main] o.a.c.impl.engine.AbstractCamelContext   : Routes startup (total:2)
2025-02-08T17:17:57.285+05:30  INFO 53166 --- [camelLearn] [           main] o.a.c.impl.engine.AbstractCamelContext   :     Started route1 (timer://first-timer)
2025-02-08T17:17:57.285+05:30  INFO 53166 --- [camelLearn] [           main] o.a.c.impl.engine.AbstractCamelContext   :     Started route2 (file://files/input)
2025-02-08T17:17:57.285+05:30  INFO 53166 --- [camelLearn] [           main] o.a.c.impl.engine.AbstractCamelContext   : Apache Camel 4.9.0 (camel-1) started in 4ms (build:0ms init:0ms start:4ms boot:527ms)
2025-02-08T17:17:57.287+05:30  INFO 53166 --- [camelLearn] [           main] c.s.c.CamelLearnApplicationTests         : Started CamelLearnApplicationTests in 1.172 seconds (process running for 1.652)
]]></system-out>
    <system-err><![CDATA[Mockito is currently self-attaching to enable the inline-mock-maker. This will no longer work in future releases of the JDK. Please add Mockito as an agent to your build what is described in Mockito's documentation: https://javadoc.io/doc/org.mockito/mockito-core/latest/org/mockito/Mockito.html#0.3
WARNING: A Java agent has been loaded dynamically (/Users/manishkumarpandey/.m2/repository/net/bytebuddy/byte-buddy-agent/1.15.11/byte-buddy-agent-1.15.11.jar)
WARNING: If a serviceability tool is in use, please run with -XX:+EnableDynamicAgentLoading to hide this warning
WARNING: If a serviceability tool is not in use, please run with -Djdk.instrument.traceUsage for more information
WARNING: Dynamic loading of agents will be disallowed by default in a future release
]]></system-err>
  </testcase>
</testsuite>